#-----------------------------------------------------------
# Vivado v2020.1 (64-bit)
# SW Build 2902540 on Wed May 27 19:54:49 MDT 2020
# IP Build 2902112 on Wed May 27 22:43:36 MDT 2020
# Start of session at: Thu Apr 14 13:45:44 2022
# Process ID: 4164
# Current directory: D:/Documents/Vidensky_230347/digital-electronics-1/labs/Project/morse_code_decoder
# Command line: vivado.exe -gui_launcher_event rodinguilauncherevent4416 D:\Documents\Vidensky_230347\digital-electronics-1\labs\Project\morse_code_decoder\morse_code_decoder.xpr
# Log file: D:/Documents/Vidensky_230347/digital-electronics-1/labs/Project/morse_code_decoder/vivado.log
# Journal file: D:/Documents/Vidensky_230347/digital-electronics-1/labs/Project/morse_code_decoder\vivado.jou
#-----------------------------------------------------------
start_gui
open_project D:/Documents/Vidensky_230347/digital-electronics-1/labs/Project/morse_code_decoder/morse_code_decoder.xpr
INFO: [ProjectBase 1-489] The host OS only allows 260 characters in a normal path. The project is stored in a path with more than 80 characters. If you experience issues with IP, Block Designs, or files not being found, please consider moving the project to a location with a shorter path. Alternately consider using the OS subst command to map part of the path to a drive letter.
Current project path is 'D:/Documents/Vidensky_230347/digital-electronics-1/labs/Project/morse_code_decoder'
Scanning sources...
Finished scanning sources
INFO: [IP_Flow 19-234] Refreshing IP repositories
INFO: [IP_Flow 19-1704] No user IP repositories specified
INFO: [IP_Flow 19-2313] Loaded Vivado IP repository 'C:/APPZ/Xilinx/Vivado/2020.1/data/ip'.
update_compile_order -fileset sources_1
update_compile_order -fileset sources_1
update_compile_order -fileset sources_1
close [ open D:/Documents/Vidensky_230347/digital-electronics-1/labs/Project/morse_code_decoder/morse_code_decoder.srcs/sources_1/new/d_ff_rst.vhd w ]
add_files D:/Documents/Vidensky_230347/digital-electronics-1/labs/Project/morse_code_decoder/morse_code_decoder.srcs/sources_1/new/d_ff_rst.vhd
update_compile_order -fileset sources_1
update_compile_order -fileset sources_1
update_compile_order -fileset sources_1
exit
INFO: [Common 17-206] Exiting Vivado at Thu Apr 14 14:49:05 2022...
